<?xml version="1.0" encoding="UTF-8"?>
<testng-results ignored="0" total="2" passed="1" failed="1" skipped="0">
  <reporter-output>
  </reporter-output>
  <suite started-at="2021-01-23T23:45:43 CST" name="Suite" finished-at="2021-01-23T23:47:46 CST" duration-ms="122864">
    <groups>
    </groups>
    <test started-at="2021-01-23T23:45:43 CST" name="Test" finished-at="2021-01-23T23:47:46 CST" duration-ms="122864">
      <class name="ProgressiveInsuranceTest.AutoInsuranceQuoteTest">
        <test-method is-config="true" signature="startAutomation()[pri:0, instance:ProgressiveInsuranceTest.AutoInsuranceQuoteTest@74751b3]" started-at="2021-01-23T23:45:43 CST" name="startAutomation" finished-at="2021-01-23T23:45:51 CST" duration-ms="7933" status="PASS">
          <reporter-output>
          </reporter-output>
        </test-method> <!-- startAutomation -->
        <test-method signature="autoInsuranceQuote()[pri:0, instance:ProgressiveInsuranceTest.AutoInsuranceQuoteTest@74751b3]" started-at="2021-01-23T23:45:51 CST" name="autoInsuranceQuote" finished-at="2021-01-23T23:47:37 CST" duration-ms="106292" status="PASS">
          <reporter-output>
          </reporter-output>
        </test-method> <!-- autoInsuranceQuote -->
        <test-method is-config="true" signature="close()[pri:0, instance:ProgressiveInsuranceTest.AutoInsuranceQuoteTest@74751b3]" started-at="2021-01-23T23:47:38 CST" name="close" finished-at="2021-01-23T23:47:38 CST" duration-ms="0" status="PASS">
          <reporter-output>
          </reporter-output>
        </test-method> <!-- close -->
      </class> <!-- ProgressiveInsuranceTest.AutoInsuranceQuoteTest -->
      <class name="GoogleTest.GooglePageTest">
        <test-method is-config="true" signature="setupTest()[pri:0, instance:GoogleTest.GooglePageTest@741a8937]" started-at="2021-01-23T23:47:38 CST" name="setupTest" finished-at="2021-01-23T23:47:44 CST" duration-ms="6294" status="PASS">
          <reporter-output>
          </reporter-output>
        </test-method> <!-- setupTest -->
        <test-method signature="testGooglePage()[pri:0, instance:GoogleTest.GooglePageTest@741a8937]" started-at="2021-01-23T23:47:44 CST" name="testGooglePage" finished-at="2021-01-23T23:47:45 CST" duration-ms="1201" status="FAIL">
          <exception class="java.lang.AssertionError">
            <message>
              <![CDATA[Expected Text didn't match with actual Text. expected [TestNg-Welcome] but found [TestNG - Welcome]]]>
            </message>
            <full-stacktrace>
              <![CDATA[java.lang.AssertionError: Expected Text didn't match with actual Text. expected [TestNg-Welcome] but found [TestNG - Welcome]
at org.testng.Assert.fail(Assert.java:99)
at org.testng.Assert.failNotEquals(Assert.java:1037)
at org.testng.Assert.assertEqualsImpl(Assert.java:140)
at org.testng.Assert.assertEquals(Assert.java:122)
at org.testng.Assert.assertEquals(Assert.java:629)
at GooglePageObject.GoogleHomePage.showSearchText(GoogleHomePage.java:35)
at GoogleTest.GooglePageTest.testGooglePage(GooglePageTest.java:12)
at java.base/jdk.internal.reflect.NativeMethodAccessorImpl.invoke0(Native Method)
at java.base/jdk.internal.reflect.NativeMethodAccessorImpl.invoke(NativeMethodAccessorImpl.java:62)
at java.base/jdk.internal.reflect.DelegatingMethodAccessorImpl.invoke(DelegatingMethodAccessorImpl.java:43)
at java.base/java.lang.reflect.Method.invoke(Method.java:564)
at org.testng.internal.MethodInvocationHelper.invokeMethod(MethodInvocationHelper.java:132)
at org.testng.internal.TestInvoker.invokeMethod(TestInvoker.java:599)
at org.testng.internal.TestInvoker.invokeTestMethod(TestInvoker.java:174)
at org.testng.internal.MethodRunner.runInSequence(MethodRunner.java:46)
at org.testng.internal.TestInvoker$MethodInvocationAgent.invoke(TestInvoker.java:822)
at org.testng.internal.TestInvoker.invokeTestMethods(TestInvoker.java:147)
at org.testng.internal.TestMethodWorker.invokeTestMethods(TestMethodWorker.java:146)
at org.testng.internal.TestMethodWorker.run(TestMethodWorker.java:128)
at java.base/java.util.ArrayList.forEach(ArrayList.java:1511)
at org.testng.TestRunner.privateRun(TestRunner.java:764)
at org.testng.TestRunner.run(TestRunner.java:585)
at org.testng.SuiteRunner.runTest(SuiteRunner.java:384)
at org.testng.SuiteRunner.runSequentially(SuiteRunner.java:378)
at org.testng.SuiteRunner.privateRun(SuiteRunner.java:337)
at org.testng.SuiteRunner.run(SuiteRunner.java:286)
at org.testng.SuiteRunnerWorker.runSuite(SuiteRunnerWorker.java:53)
at org.testng.SuiteRunnerWorker.run(SuiteRunnerWorker.java:96)
at org.testng.TestNG.runSuitesSequentially(TestNG.java:1218)
at org.testng.TestNG.runSuitesLocally(TestNG.java:1140)
at org.testng.TestNG.runSuites(TestNG.java:1069)
at org.testng.TestNG.run(TestNG.java:1037)
at org.testng.remote.AbstractRemoteTestNG.run(AbstractRemoteTestNG.java:115)
at org.testng.remote.RemoteTestNG.initAndRun(RemoteTestNG.java:251)
at org.testng.remote.RemoteTestNG.main(RemoteTestNG.java:77)
]]>
            </full-stacktrace>
          </exception> <!-- java.lang.AssertionError -->
          <reporter-output>
          </reporter-output>
        </test-method> <!-- testGooglePage -->
        <test-method is-config="true" signature="closeTest()[pri:0, instance:GoogleTest.GooglePageTest@741a8937]" started-at="2021-01-23T23:47:46 CST" name="closeTest" finished-at="2021-01-23T23:47:46 CST" duration-ms="117" status="PASS">
          <reporter-output>
          </reporter-output>
        </test-method> <!-- closeTest -->
      </class> <!-- GoogleTest.GooglePageTest -->
    </test> <!-- Test -->
  </suite> <!-- Suite -->
</testng-results>
